[2026-05-06 03:21:47] Experiment: norm_shortcut_raw_s2048, Device: cuda:0, Config: experiments/configs/norm_shortcut_raw_s2048.yaml
[2026-05-06 03:21:47] Per-GPU batch: 128, Epochs: 15, LR: 1e-05, Warmup: 1, EMA: 0.999
[2026-05-06 03:21:47] Log dir: experiments/outputs/norm_shortcut_raw_s2048/20260506_032147
[2026-05-06 03:22:12] Train samples: 149956, Val samples: 25584, FF++ test: 164221, CDF test: 396284
[2026-05-06 03:27:57] Epoch 1/15 (345.8s) loss=0.3549 val_auc=0.7825 val_eer=0.2881 val_acc=0.6887
[2026-05-06 03:27:58]   -> Best model saved (val AUC=0.7825)
[2026-05-06 03:34:01] Epoch 2/15 (363.6s) loss=0.1607 val_auc=0.8941 val_eer=0.1894 val_acc=0.7353
[2026-05-06 03:34:02]   -> Best model saved (val AUC=0.8941)
[2026-05-06 03:40:05] Epoch 3/15 (362.5s) loss=0.0845 val_auc=0.9472 val_eer=0.1200 val_acc=0.7822
[2026-05-06 03:40:05]   -> Best model saved (val AUC=0.9472)
[2026-05-06 03:46:27] Epoch 4/15 (382.3s) loss=0.0621 val_auc=0.9735 val_eer=0.0794 val_acc=0.8453
[2026-05-06 03:46:28]   -> Best model saved (val AUC=0.9735)
[2026-05-06 03:52:56] Epoch 5/15 (388.1s) loss=0.0543 val_auc=0.9863 val_eer=0.0612 val_acc=0.9028
[2026-05-06 03:52:57]   -> Best model saved (val AUC=0.9863)
[2026-05-06 03:59:11] Epoch 6/15 (374.4s) loss=0.0373 val_auc=0.9919 val_eer=0.0478 val_acc=0.9394
[2026-05-06 03:59:12]   -> Best model saved (val AUC=0.9919)
[2026-05-06 04:04:55] Epoch 7/15 (343.5s) loss=0.0328 val_auc=0.9944 val_eer=0.0406 val_acc=0.9600
[2026-05-06 04:04:56]   -> Best model saved (val AUC=0.9944)
[2026-05-06 04:10:44] Epoch 8/15 (347.9s) loss=0.0241 val_auc=0.9952 val_eer=0.0319 val_acc=0.9631
[2026-05-06 04:10:44]   -> Best model saved (val AUC=0.9952)
[2026-05-06 04:16:38] Epoch 9/15 (353.5s) loss=0.0186 val_auc=0.9955 val_eer=0.0306 val_acc=0.9659
[2026-05-06 04:16:39]   -> Best model saved (val AUC=0.9955)
[2026-05-06 04:22:37] Epoch 10/15 (358.5s) loss=0.0186 val_auc=0.9957 val_eer=0.0319 val_acc=0.9503
[2026-05-06 04:22:38]   -> Best model saved (val AUC=0.9957)
[2026-05-06 04:28:38] Epoch 11/15 (360.4s) loss=0.0146 val_auc=0.9955 val_eer=0.0419 val_acc=0.9397
[2026-05-06 04:34:35] Epoch 12/15 (357.1s) loss=0.0092 val_auc=0.9952 val_eer=0.0381 val_acc=0.9363
[2026-05-06 04:40:33] Epoch 13/15 (357.9s) loss=0.0086 val_auc=0.9949 val_eer=0.0519 val_acc=0.9331
[2026-05-06 04:47:22] Epoch 14/15 (408.4s) loss=0.0080 val_auc=0.9948 val_eer=0.0506 val_acc=0.9337
[2026-05-06 04:53:24] Epoch 15/15 (362.4s) loss=0.0067 val_auc=0.9947 val_eer=0.0491 val_acc=0.9337
[2026-05-06 04:53:24] Early stopping at epoch 15
[2026-05-06 04:53:24] Loading best model for final test evaluation...
[2026-05-06 05:07:07] Val (best): auc=0.9957 eer=0.0319 acc=0.9503
[2026-05-06 05:07:07] FF++ test: auc=0.9998 eer=0.0061 acc=0.9930
[2026-05-06 05:07:07] CDF test: auc=0.8397 eer=0.2410 acc=0.9215
[2026-05-06 05:07:07] Best epoch: 10, Best val AUC: 0.9957
[2026-05-06 05:07:07] Meta saved to experiments/outputs/norm_shortcut_raw_s2048/20260506_032147/meta.json
[2026-05-06 05:07:07] Results saved to experiments/outputs/norm_shortcut_raw_s2048/20260506_032147/results_summary.txt
