[2026-05-05 16:33:04] Experiment: norm_shortcut_raw_s123, Device: cuda:0, Config: experiments/configs/norm_shortcut_raw_s123.yaml
[2026-05-05 16:33:04] Per-GPU batch: 128, Epochs: 15, LR: 1e-05, Warmup: 1, EMA: 0.999
[2026-05-05 16:33:04] Log dir: experiments/outputs/norm_shortcut_raw_s123/20260505_163304
[2026-05-05 16:33:29] Train samples: 149956, Val samples: 25584, FF++ test: 164221, CDF test: 396284
[2026-05-05 16:39:38] Epoch 1/15 (369.0s) loss=0.4335 val_auc=0.6078 val_eer=0.4050 val_acc=0.5563
[2026-05-05 16:39:39]   -> Best model saved (val AUC=0.6078)
[2026-05-05 16:45:39] Epoch 2/15 (360.1s) loss=0.1864 val_auc=0.8026 val_eer=0.2806 val_acc=0.6916
[2026-05-05 16:45:39]   -> Best model saved (val AUC=0.8026)
[2026-05-05 16:51:48] Epoch 3/15 (368.3s) loss=0.0952 val_auc=0.9026 val_eer=0.1684 val_acc=0.7331
[2026-05-05 16:51:48]   -> Best model saved (val AUC=0.9026)
[2026-05-05 16:57:52] Epoch 4/15 (364.2s) loss=0.0699 val_auc=0.9500 val_eer=0.1312 val_acc=0.7922
[2026-05-05 16:57:53]   -> Best model saved (val AUC=0.9500)
[2026-05-05 17:03:49] Epoch 5/15 (355.6s) loss=0.0508 val_auc=0.9719 val_eer=0.0919 val_acc=0.8556
[2026-05-05 17:03:49]   -> Best model saved (val AUC=0.9719)
[2026-05-05 17:09:40] Epoch 6/15 (350.4s) loss=0.0422 val_auc=0.9826 val_eer=0.0681 val_acc=0.9059
[2026-05-05 17:09:40]   -> Best model saved (val AUC=0.9826)
[2026-05-05 17:15:30] Epoch 7/15 (349.7s) loss=0.0338 val_auc=0.9877 val_eer=0.0597 val_acc=0.9325
[2026-05-05 17:15:31]   -> Best model saved (val AUC=0.9877)
[2026-05-05 17:21:21] Epoch 8/15 (350.6s) loss=0.0299 val_auc=0.9906 val_eer=0.0503 val_acc=0.9469
[2026-05-05 17:21:22]   -> Best model saved (val AUC=0.9906)
[2026-05-05 17:27:23] Epoch 9/15 (360.8s) loss=0.0213 val_auc=0.9919 val_eer=0.0503 val_acc=0.9528
[2026-05-05 17:27:23]   -> Best model saved (val AUC=0.9919)
[2026-05-05 17:33:44] Epoch 10/15 (380.7s) loss=0.0215 val_auc=0.9927 val_eer=0.0512 val_acc=0.9528
[2026-05-05 17:33:45]   -> Best model saved (val AUC=0.9927)
[2026-05-05 17:40:07] Epoch 11/15 (382.5s) loss=0.0150 val_auc=0.9927 val_eer=0.0534 val_acc=0.9428
[2026-05-05 17:40:08]   -> Best model saved (val AUC=0.9927)
[2026-05-05 17:46:07] Epoch 12/15 (359.8s) loss=0.0108 val_auc=0.9927 val_eer=0.0500 val_acc=0.9366
[2026-05-05 17:52:39] Epoch 13/15 (391.2s) loss=0.0085 val_auc=0.9925 val_eer=0.0516 val_acc=0.9234
[2026-05-05 17:59:05] Epoch 14/15 (386.3s) loss=0.0086 val_auc=0.9922 val_eer=0.0525 val_acc=0.9250
[2026-05-05 18:05:10] Epoch 15/15 (364.6s) loss=0.0061 val_auc=0.9920 val_eer=0.0469 val_acc=0.9213
[2026-05-05 18:05:10] Loading best model for final test evaluation...
[2026-05-05 18:18:17] Val (best): auc=0.9927 eer=0.0534 acc=0.9428
[2026-05-05 18:18:17] FF++ test: auc=0.9992 eer=0.0142 acc=0.9877
[2026-05-05 18:18:17] CDF test: auc=0.8265 eer=0.2636 acc=0.9206
[2026-05-05 18:18:17] Best epoch: 11, Best val AUC: 0.9927
[2026-05-05 18:18:17] Meta saved to experiments/outputs/norm_shortcut_raw_s123/20260505_163304/meta.json
[2026-05-05 18:18:17] Results saved to experiments/outputs/norm_shortcut_raw_s123/20260505_163304/results_summary.txt
