[2026-04-28 23:43:25] Experiment: exp1_efficientnet, Device: cuda:0, Config: configs/exp1_efficientnet.yaml
[2026-04-28 23:43:25] Per-GPU batch: 64, Epochs: 30, LR: 0.0001
[2026-04-28 23:43:25] Log dir: outputs/exp1_efficientnet/20260428_234325
[2026-04-28 23:52:51] Train samples: 7440, Val samples: 4688, FF++ test: 97036, CDF test: 310843
[2026-04-28 23:53:04] Epoch 1/30 (12.8s) loss=0.5358 val_auc=0.5000 val_eer=0.5000 val_acc=0.5347
[2026-04-28 23:53:04]   -> Best model saved (val AUC=0.5000)
[2026-04-28 23:53:13] Epoch 2/30 (8.8s) loss=0.2680 val_auc=0.5000 val_eer=0.5000 val_acc=0.5347
[2026-04-28 23:53:21] Epoch 3/30 (8.5s) loss=0.1051 val_auc=0.5000 val_eer=0.5000 val_acc=0.5347
[2026-04-28 23:53:30] Epoch 4/30 (8.9s) loss=0.0605 val_auc=0.8465 val_eer=0.2002 val_acc=0.5347
[2026-04-28 23:53:30]   -> Best model saved (val AUC=0.8465)
[2026-04-28 23:53:39] Epoch 5/30 (8.7s) loss=0.0577 val_auc=0.9952 val_eer=0.0330 val_acc=0.5401
[2026-04-28 23:53:39]   -> Best model saved (val AUC=0.9952)
[2026-04-28 23:53:48] Epoch 6/30 (8.9s) loss=0.0429 val_auc=1.0000 val_eer=0.0020 val_acc=0.9215
[2026-04-28 23:53:48]   -> Best model saved (val AUC=1.0000)
[2026-04-28 23:53:57] Epoch 7/30 (8.7s) loss=0.0440 val_auc=0.9999 val_eer=0.0073 val_acc=0.9927
[2026-04-28 23:54:06] Epoch 8/30 (8.4s) loss=0.0323 val_auc=0.9999 val_eer=0.0017 val_acc=0.9927
[2026-04-28 23:54:14] Epoch 9/30 (8.4s) loss=0.0151 val_auc=1.0000 val_eer=0.0000 val_acc=1.0000
[2026-04-28 23:54:14]   -> Best model saved (val AUC=1.0000)
[2026-04-28 23:54:23] Epoch 10/30 (8.4s) loss=0.0137 val_auc=0.9997 val_eer=0.0017 val_acc=0.9982
[2026-04-28 23:54:32] Epoch 11/30 (9.2s) loss=0.0232 val_auc=1.0000 val_eer=0.0000 val_acc=1.0000
[2026-04-28 23:54:40] Epoch 12/30 (8.3s) loss=0.0161 val_auc=0.9999 val_eer=0.0017 val_acc=0.9964
[2026-04-28 23:54:49] Epoch 13/30 (8.2s) loss=0.0093 val_auc=1.0000 val_eer=0.0000 val_acc=0.9982
[2026-04-28 23:54:58] Epoch 14/30 (8.9s) loss=0.0136 val_auc=1.0000 val_eer=0.0000 val_acc=1.0000
[2026-04-28 23:54:58] Early stopping at epoch 14
[2026-04-28 23:54:58] Loading best model for final test evaluation...
[2026-04-28 23:55:00] Val (best): auc=1.0000 eer=0.0000 acc=1.0000
[2026-04-28 23:55:07] FF++ test: auc=0.9995 eer=0.0015 acc=0.9974
[2026-04-28 23:55:38] CDF test: auc=1.0000 eer=0.0000 acc=1.0000
[2026-04-28 23:55:38] Best epoch: 9, Best val AUC: 1.0000
[2026-04-28 23:55:38] Meta saved to outputs/exp1_efficientnet/20260428_234325/meta.json
[2026-04-28 23:55:38] Results saved to outputs/exp1_efficientnet/results_summary.txt
