[2026-05-06 01:34:59] Experiment: norm_shortcut_normtrain_s999, Device: cuda:0, Config: experiments/configs/norm_shortcut_normtrain_s999.yaml
[2026-05-06 01:34:59] Per-GPU batch: 128, Epochs: 15, LR: 1e-05, Warmup: 1, EMA: 0.999
[2026-05-06 01:34:59] Log dir: experiments/outputs/norm_shortcut_normtrain_s999/20260506_013459
[2026-05-06 01:35:24] Train samples: 149956, Val samples: 25584, FF++ test: 164221, CDF test: 396284
[2026-05-06 01:41:14] Epoch 1/15 (350.4s) loss=0.5216 val_auc=0.7113 val_eer=0.3506 val_acc=0.5663
[2026-05-06 01:41:15]   -> Best model saved (val AUC=0.7113)
[2026-05-06 01:47:33] Epoch 2/15 (378.1s) loss=0.4199 val_auc=0.8232 val_eer=0.2700 val_acc=0.5906
[2026-05-06 01:47:33]   -> Best model saved (val AUC=0.8232)
[2026-05-06 01:53:36] Epoch 3/15 (362.7s) loss=0.3762 val_auc=0.8894 val_eer=0.2013 val_acc=0.6394
[2026-05-06 01:53:37]   -> Best model saved (val AUC=0.8894)
[2026-05-06 01:59:57] Epoch 4/15 (380.8s) loss=0.3542 val_auc=0.9322 val_eer=0.1509 val_acc=0.7184
[2026-05-06 01:59:58]   -> Best model saved (val AUC=0.9322)
[2026-05-06 02:06:24] Epoch 5/15 (385.6s) loss=0.3340 val_auc=0.9628 val_eer=0.0984 val_acc=0.8034
[2026-05-06 02:06:24]   -> Best model saved (val AUC=0.9628)
[2026-05-06 02:12:38] Epoch 6/15 (373.9s) loss=0.3162 val_auc=0.9806 val_eer=0.0603 val_acc=0.8725
[2026-05-06 02:12:39]   -> Best model saved (val AUC=0.9806)
[2026-05-06 02:19:06] Epoch 7/15 (387.3s) loss=0.2949 val_auc=0.9901 val_eer=0.0403 val_acc=0.9172
[2026-05-06 02:19:07]   -> Best model saved (val AUC=0.9901)
[2026-05-06 02:25:16] Epoch 8/15 (368.9s) loss=0.2811 val_auc=0.9947 val_eer=0.0394 val_acc=0.9463
[2026-05-06 02:25:16]   -> Best model saved (val AUC=0.9947)
[2026-05-06 02:31:25] Epoch 9/15 (368.6s) loss=0.2697 val_auc=0.9967 val_eer=0.0378 val_acc=0.9628
[2026-05-06 02:31:25]   -> Best model saved (val AUC=0.9967)
[2026-05-06 02:37:32] Epoch 10/15 (366.9s) loss=0.2574 val_auc=0.9977 val_eer=0.0306 val_acc=0.9741
[2026-05-06 02:37:33]   -> Best model saved (val AUC=0.9977)
[2026-05-06 02:43:33] Epoch 11/15 (360.5s) loss=0.2493 val_auc=0.9979 val_eer=0.0297 val_acc=0.9778
[2026-05-06 02:43:34]   -> Best model saved (val AUC=0.9979)
[2026-05-06 02:50:07] Epoch 12/15 (392.7s) loss=0.2430 val_auc=0.9979 val_eer=0.0312 val_acc=0.9634
[2026-05-06 02:56:30] Epoch 13/15 (383.2s) loss=0.2397 val_auc=0.9974 val_eer=0.0378 val_acc=0.9613
[2026-05-06 03:02:27] Epoch 14/15 (357.2s) loss=0.2375 val_auc=0.9971 val_eer=0.0378 val_acc=0.9641
[2026-05-06 03:08:27] Epoch 15/15 (359.6s) loss=0.2360 val_auc=0.9969 val_eer=0.0422 val_acc=0.9659
[2026-05-06 03:08:27] Loading best model for final test evaluation...
[2026-05-06 03:21:37] Val (best): auc=0.9979 eer=0.0297 acc=0.9778
[2026-05-06 03:21:37] FF++ test: auc=0.9998 eer=0.0061 acc=0.9956
[2026-05-06 03:21:37] CDF test: auc=0.7797 eer=0.2977 acc=0.9211
[2026-05-06 03:21:37] Best epoch: 11, Best val AUC: 0.9979
[2026-05-06 03:21:37] Meta saved to experiments/outputs/norm_shortcut_normtrain_s999/20260506_013459/meta.json
[2026-05-06 03:21:37] Results saved to experiments/outputs/norm_shortcut_normtrain_s999/20260506_013459/results_summary.txt
