[2026-05-06 05:07:19] Experiment: norm_shortcut_normtrain_s2048, Device: cuda:0, Config: experiments/configs/norm_shortcut_normtrain_s2048.yaml
[2026-05-06 05:07:19] Per-GPU batch: 128, Epochs: 15, LR: 1e-05, Warmup: 1, EMA: 0.999
[2026-05-06 05:07:19] Log dir: experiments/outputs/norm_shortcut_normtrain_s2048/20260506_050719
[2026-05-06 05:07:44] Train samples: 149956, Val samples: 25584, FF++ test: 164221, CDF test: 396284
[2026-05-06 05:13:31] Epoch 1/15 (347.3s) loss=0.5079 val_auc=0.7998 val_eer=0.2684 val_acc=0.6384
[2026-05-06 05:13:32]   -> Best model saved (val AUC=0.7998)
[2026-05-06 05:19:23] Epoch 2/15 (351.1s) loss=0.4262 val_auc=0.9040 val_eer=0.1591 val_acc=0.8341
[2026-05-06 05:19:23]   -> Best model saved (val AUC=0.9040)
[2026-05-06 05:25:15] Epoch 3/15 (351.8s) loss=0.3879 val_auc=0.9498 val_eer=0.1084 val_acc=0.8747
[2026-05-06 05:25:16]   -> Best model saved (val AUC=0.9498)
[2026-05-06 05:31:07] Epoch 4/15 (350.9s) loss=0.3623 val_auc=0.9725 val_eer=0.0784 val_acc=0.9100
[2026-05-06 05:31:07]   -> Best model saved (val AUC=0.9725)
[2026-05-06 05:37:06] Epoch 5/15 (358.4s) loss=0.3340 val_auc=0.9845 val_eer=0.0512 val_acc=0.9347
[2026-05-06 05:37:06]   -> Best model saved (val AUC=0.9845)
[2026-05-06 05:43:05] Epoch 6/15 (358.4s) loss=0.3166 val_auc=0.9918 val_eer=0.0306 val_acc=0.9506
[2026-05-06 05:43:05]   -> Best model saved (val AUC=0.9918)
[2026-05-06 05:49:13] Epoch 7/15 (367.8s) loss=0.2995 val_auc=0.9955 val_eer=0.0294 val_acc=0.9644
[2026-05-06 05:49:14]   -> Best model saved (val AUC=0.9955)
[2026-05-06 05:55:49] Epoch 8/15 (395.7s) loss=0.2822 val_auc=0.9972 val_eer=0.0203 val_acc=0.9731
[2026-05-06 05:55:50]   -> Best model saved (val AUC=0.9972)
[2026-05-06 06:02:24] Epoch 9/15 (394.1s) loss=0.2702 val_auc=0.9980 val_eer=0.0194 val_acc=0.9800
[2026-05-06 06:02:25]   -> Best model saved (val AUC=0.9980)
[2026-05-06 06:09:01] Epoch 10/15 (396.4s) loss=0.2604 val_auc=0.9984 val_eer=0.0200 val_acc=0.9797
[2026-05-06 06:09:02]   -> Best model saved (val AUC=0.9984)
[2026-05-06 06:15:34] Epoch 11/15 (392.9s) loss=0.2525 val_auc=0.9985 val_eer=0.0203 val_acc=0.9709
[2026-05-06 06:15:35]   -> Best model saved (val AUC=0.9985)
[2026-05-06 06:21:33] Epoch 12/15 (358.1s) loss=0.2447 val_auc=0.9984 val_eer=0.0212 val_acc=0.9684
[2026-05-06 06:27:25] Epoch 13/15 (352.0s) loss=0.2421 val_auc=0.9981 val_eer=0.0287 val_acc=0.9703
[2026-05-06 06:33:16] Epoch 14/15 (351.0s) loss=0.2401 val_auc=0.9978 val_eer=0.0384 val_acc=0.9712
[2026-05-06 06:39:05] Epoch 15/15 (349.2s) loss=0.2382 val_auc=0.9977 val_eer=0.0384 val_acc=0.9688
[2026-05-06 06:39:06] Loading best model for final test evaluation...
[2026-05-06 06:52:17] Val (best): auc=0.9985 eer=0.0203 acc=0.9709
[2026-05-06 06:52:17] FF++ test: auc=0.9999 eer=0.0086 acc=0.9965
[2026-05-06 06:52:17] CDF test: auc=0.8238 eer=0.2641 acc=0.9188
[2026-05-06 06:52:17] Best epoch: 11, Best val AUC: 0.9985
[2026-05-06 06:52:17] Meta saved to experiments/outputs/norm_shortcut_normtrain_s2048/20260506_050719/meta.json
[2026-05-06 06:52:17] Results saved to experiments/outputs/norm_shortcut_normtrain_s2048/20260506_050719/results_summary.txt
