[2026-05-05 14:59:08] Experiment: norm_shortcut_normtrain_s42, Device: cuda:0, Config: experiments/configs/norm_shortcut_normtrain_s42.yaml
[2026-05-05 14:59:08] Per-GPU batch: 128, Epochs: 15, LR: 1e-05, Warmup: 1, EMA: 0.999
[2026-05-05 14:59:08] Log dir: experiments/outputs/norm_shortcut_normtrain_s42/20260505_145908
[2026-05-05 14:59:32] Train samples: 149956, Val samples: 25584, FF++ test: 164221, CDF test: 396284
[2026-05-05 15:04:22] Epoch 1/15 (289.6s) loss=0.5144 val_auc=0.6652 val_eer=0.3800 val_acc=0.6009
[2026-05-05 15:04:22]   -> Best model saved (val AUC=0.6652)
[2026-05-05 15:09:04] Epoch 2/15 (282.4s) loss=0.4363 val_auc=0.8400 val_eer=0.2422 val_acc=0.6397
[2026-05-05 15:09:05]   -> Best model saved (val AUC=0.8400)
[2026-05-05 15:13:47] Epoch 3/15 (282.1s) loss=0.3898 val_auc=0.9207 val_eer=0.1703 val_acc=0.6600
[2026-05-05 15:13:48]   -> Best model saved (val AUC=0.9207)
[2026-05-05 15:18:33] Epoch 4/15 (285.5s) loss=0.3654 val_auc=0.9574 val_eer=0.1009 val_acc=0.7381
[2026-05-05 15:18:34]   -> Best model saved (val AUC=0.9574)
[2026-05-05 15:23:11] Epoch 5/15 (277.4s) loss=0.3408 val_auc=0.9773 val_eer=0.0697 val_acc=0.8216
[2026-05-05 15:23:12]   -> Best model saved (val AUC=0.9773)
[2026-05-05 15:27:52] Epoch 6/15 (280.2s) loss=0.3223 val_auc=0.9886 val_eer=0.0397 val_acc=0.8906
[2026-05-05 15:27:53]   -> Best model saved (val AUC=0.9886)
[2026-05-05 15:32:32] Epoch 7/15 (279.3s) loss=0.3063 val_auc=0.9947 val_eer=0.0219 val_acc=0.9337
[2026-05-05 15:32:32]   -> Best model saved (val AUC=0.9947)
[2026-05-05 15:37:22] Epoch 8/15 (289.7s) loss=0.2870 val_auc=0.9970 val_eer=0.0216 val_acc=0.9522
[2026-05-05 15:37:23]   -> Best model saved (val AUC=0.9970)
[2026-05-05 15:43:31] Epoch 9/15 (368.0s) loss=0.2800 val_auc=0.9978 val_eer=0.0212 val_acc=0.9722
[2026-05-05 15:43:31]   -> Best model saved (val AUC=0.9978)
[2026-05-05 15:49:52] Epoch 10/15 (381.2s) loss=0.2665 val_auc=0.9982 val_eer=0.0275 val_acc=0.9797
[2026-05-05 15:49:53]   -> Best model saved (val AUC=0.9982)
[2026-05-05 15:55:51] Epoch 11/15 (357.6s) loss=0.2567 val_auc=0.9984 val_eer=0.0275 val_acc=0.9806
[2026-05-05 15:55:51]   -> Best model saved (val AUC=0.9984)
[2026-05-05 16:01:50] Epoch 12/15 (358.7s) loss=0.2531 val_auc=0.9984 val_eer=0.0225 val_acc=0.9666
[2026-05-05 16:01:51]   -> Best model saved (val AUC=0.9984)
[2026-05-05 16:07:55] Epoch 13/15 (364.5s) loss=0.2482 val_auc=0.9981 val_eer=0.0228 val_acc=0.9694
[2026-05-05 16:13:56] Epoch 14/15 (361.0s) loss=0.2452 val_auc=0.9976 val_eer=0.0228 val_acc=0.9716
[2026-05-05 16:20:09] Epoch 15/15 (373.0s) loss=0.2449 val_auc=0.9972 val_eer=0.0266 val_acc=0.9669
[2026-05-05 16:20:10] Loading best model for final test evaluation...
[2026-05-05 16:32:54] Val (best): auc=0.9984 eer=0.0225 acc=0.9666
[2026-05-05 16:32:54] FF++ test: auc=1.0000 eer=0.0010 acc=0.9982
[2026-05-05 16:32:54] CDF test: auc=0.7884 eer=0.2682 acc=0.9192
[2026-05-05 16:32:54] Best epoch: 12, Best val AUC: 0.9984
[2026-05-05 16:32:54] Meta saved to experiments/outputs/norm_shortcut_normtrain_s42/20260505_145908/meta.json
[2026-05-05 16:32:54] Results saved to experiments/outputs/norm_shortcut_normtrain_s42/20260505_145908/results_summary.txt
